1
0
1
ASSEMBLY
4
FRONT_SPAR-INSTANCE
FRONT_SPAR
LOWER_SKIN-INSTANCE
LOWER_SKIN
REAR_SPAR-INSTANCE
REAR_SPAR
UPPER_SKIN-INSTANCE
UPPER_SKIN
4
FRONT_SPAR-INSTANCE
14
-2147483646
0
48 1 16 5 0 1 0 -1 -1 405 1 -1879048189 1 405 
14
48 1 16 5 0 1 0 -1 -1 405 1 -1879048189 1 405 
LOWER_SKIN-INSTANCE
14
-2147483646
0
48 1 16 5 0 1 0 -1 -1 1447 1 -1879048189 406 1447 
14
48 1 16 5 0 1 0 -1 -1 1447 1 -1879048189 1 1447 
REAR_SPAR-INSTANCE
14
-2147483646
0
48 1 16 5 0 1 0 -1 -1 326 1 -1879048189 1853 326 
14
48 1 16 5 0 1 0 -1 -1 326 1 -1879048189 1 326 
UPPER_SKIN-INSTANCE
14
-2147483646
0
48 1 16 5 0 1 0 -1 -1 1447 1 -1879048189 2179 1447 
14
48 1 16 5 0 1 0 -1 -1 1447 1 -1879048189 1 1447 
0
4
FRONT_SPAR-INSTANCE
14
-2147483646
0
48 1 16 5 0 1 0 -1 -1 295 1 -1879048189 1 295 
14
48 1 16 5 0 1 0 -1 -1 295 1 -1879048189 230 295 
LOWER_SKIN-INSTANCE
14
-2147483646
0
48 1 16 5 0 1 0 -1 -1 1339 1 -1879048189 296 1339 
14
48 1 16 5 0 1 0 -1 -1 1339 1 -1879048189 476 1339 
REAR_SPAR-INSTANCE
227
1635 204
1636 205
1637 206
1638 207
1639 208
1640 209
1641 210
1642 211
1643 212
1644 213
1645 214
1646 215
1647 216
1648 217
1649 218
1650 219
1651 220
1652 221
1653 222
1654 223
1655 224
1656 225
1657 226
1658 227
1659 228
1660 229
1661 230
1662 231
1663 232
1664 233
1665 234
1666 235
1667 236
1668 237
1669 238
1670 239
1671 240
1672 241
1673 242
1674 243
1675 244
1676 245
1677 246
1678 247
1679 248
1680 249
1681 250
1682 251
1683 252
1684 253
1685 254
1686 255
1687 256
1688 257
1689 258
1690 259
1691 260
1692 261
1693 262
1694 263
1695 264
1696 265
1697 266
1698 267
1699 268
1700 269
1701 270
1702 271
1703 272
1704 273
1705 274
1706 275
1707 276
1708 277
1709 278
1710 279
1711 280
1712 281
1713 282
1714 283
1715 284
1716 285
1717 286
1718 287
1719 288
1720 289
1721 290
1722 291
1723 292
1724 293
1725 294
1726 295
1727 296
1728 297
1729 298
1730 299
1731 300
1732 301
1733 302
1734 303
1735 304
1736 305
1737 306
1738 307
1739 308
1740 309
1741 310
1742 311
1743 312
1744 313
1745 314
1746 315
1747 316
1748 317
1749 318
1750 319
1751 320
1752 321
1753 322
1754 323
1755 324
1756 325
1757 326
1758 327
1759 328
1760 329
1761 330
1762 331
1763 332
1764 333
1765 334
1766 335
1767 336
1768 337
1769 338
1770 339
1771 340
1772 341
1773 342
1774 343
1775 344
1776 345
1777 346
1778 347
1779 348
1780 349
1781 350
1782 351
1783 352
1784 353
1785 354
1786 355
1787 356
1788 357
1789 358
1790 359
1791 360
1792 361
1793 362
1794 363
1795 364
1796 365
1797 366
1798 367
1799 368
1800 369
1801 370
1802 371
1803 372
1804 373
1805 374
1806 375
1807 376
1808 377
1809 378
1810 379
1811 380
1812 381
1813 382
1814 383
1815 384
1816 385
1817 386
1818 387
1819 388
1820 389
1821 390
1822 391
1823 392
1824 393
1825 394
1826 395
1827 396
1828 397
1829 398
1830 399
1831 400
1832 401
1833 402
1834 403
1835 404
1836 405
1837 406
1838 407
1839 408
1840 409
1841 410
1842 411
1843 412
1844 413
1845 414
1846 415
1847 416
1848 417
1849 418
1850 419
1851 420
1852 421
1853 422
1854 423
1855 424
1856 425
1857 426
1858 427
1859 428
1860 429
1861 430
-2147483647
UPPER_SKIN-INSTANCE
14
-2147483646
0
48 1 16 5 0 1 0 -1 -1 1339 1 -1879048189 1862 1339 
14
48 1 16 5 0 1 0 -1 -1 1339 1 -1879048189 476 1339 
0
51

0
2
0
4
FRONT_SPAR-INSTANCE
14
-2147483647
48 1 16 5 0 1 0 -1 -1 295 1 -1879048189 1 295 
LOWER_SKIN-INSTANCE
14
-2147483647
48 1 16 5 0 1 0 -1 -1 1339 1 -1879048189 296 1339 
REAR_SPAR-INSTANCE
227
1635 1636 1637 1638 1639 1640 1641 1642 1643 1644 1645 1646 1647 1648 1649 1650 1651 1652 1653 1654 1655 1656 1657 1658 1659 1660 1661 1662 1663 1664 1665 1666 1667 1668 1669 1670 1671 1672 1673 1674 1675 1676 1677 1678 1679 1680 1681 1682 1683 1684 1685 1686 1687 1688 1689 1690 1691 1692 1693 1694 1695 1696 1697 1698 1699 1700 1701 1702 1703 1704 1705 1706 1707 1708 1709 1710 1711 1712 1713 1714 1715 1716 1717 1718 1719 1720 1721 1722 1723 1724 1725 1726 1727 1728 1729 1730 1731 1732 1733 1734 1735 1736 1737 1738 1739 1740 1741 1742 1743 1744 1745 1746 1747 1748 1749 1750 1751 1752 1753 1754 1755 1756 1757 1758 1759 1760 1761 1762 1763 1764 1765 1766 1767 1768 1769 1770 1771 1772 1773 1774 1775 1776 1777 1778 1779 1780 1781 1782 1783 1784 1785 1786 1787 1788 1789 1790 1791 1792 1793 1794 1795 1796 1797 1798 1799 1800 1801 1802 1803 1804 1805 1806 1807 1808 1809 1810 1811 1812 1813 1814 1815 1816 1817 1818 1819 1820 1821 1822 1823 1824 1825 1826 1827 1828 1829 1830 1831 1832 1833 1834 1835 1836 1837 1838 1839 1840 1841 1842 1843 1844 1845 1846 1847 1848 1849 1850 1851 1852 1853 1854 1855 1856 1857 1858 1859 1860 1861 
UPPER_SKIN-INSTANCE
14
-2147483647
48 1 16 5 0 1 0 -1 -1 1339 1 -1879048189 1862 1339 
0
NONE-ELSET-E2
0
1
0
1
REAR_SPAR-INSTANCE
15
1685 1686 1687 1688 1689 1690 1691 1692 1693 1694 1695 1696 1697 1698 1699 
0
NONE-ELSET-E2-1
0
1
0
1
REAR_SPAR-INSTANCE
1
1639 
0
NONE-ELSET-E2-2
0
1
0
1
REAR_SPAR-INSTANCE
79
1783 1784 1785 1786 1787 1788 1789 1790 1791 1792 1793 1794 1795 1796 1797 1798 1799 1800 1801 1802 1803 1804 1805 1806 1807 1808 1809 1810 1811 1812 1813 1814 1815 1816 1817 1818 1819 1820 1821 1822 1823 1824 1825 1826 1827 1828 1829 1830 1831 1832 1833 1834 1835 1836 1837 1838 1839 1840 1841 1842 1843 1844 1845 1846 1847 1848 1849 1850 1851 1852 1853 1854 1855 1856 1857 1858 1859 1860 1861 
0
NONE-ELSET-E2-3
0
1
0
1
REAR_SPAR-INSTANCE
1
1703 
0
NONE-ELSET-E2-4
0
1
0
1
FRONT_SPAR-INSTANCE
18
98 99 100 101 102 103 104 105 106 107 108 109 110 111 112 113 114 115 
0
NONE-ELSET-E2-5
0
1
0
1
FRONT_SPAR-INSTANCE
1
7 
0
NONE-ELSET-E2-6
0
1
0
1
FRONT_SPAR-INSTANCE
87
209 210 211 212 213 214 215 216 217 218 219 220 221 222 223 224 225 226 227 228 229 230 231 232 233 234 235 236 237 238 239 240 241 242 243 244 245 246 247 248 249 250 251 252 253 254 255 256 257 258 259 260 261 262 263 264 265 266 267 268 269 270 271 272 273 274 275 276 277 278 279 280 281 282 283 284 285 286 287 288 289 290 291 292 293 294 295 
0
NONE-ELSET-E2-7
0
1
0
1
FRONT_SPAR-INSTANCE
1
121 
0
NONE-ELSET-E3
0
1
0
1
REAR_SPAR-INSTANCE
1
1700 
0
NONE-ELSET-E3-1
0
1
0
1
FRONT_SPAR-INSTANCE
1
116 
0
NONE-ELSET-E4
0
1
0
1
REAR_SPAR-INSTANCE
1
1635 
0
NONE-ELSET-E4-1
0
1
0
1
REAR_SPAR-INSTANCE
15
1640 1641 1642 1643 1644 1645 1646 1647 1648 1649 1650 1651 1652 1653 1654 
0
NONE-ELSET-E4-2
0
1
0
1
REAR_SPAR-INSTANCE
79
1704 1705 1706 1707 1708 1709 1710 1711 1712 1713 1714 1715 1716 1717 1718 1719 1720 1721 1722 1723 1724 1725 1726 1727 1728 1729 1730 1731 1732 1733 1734 1735 1736 1737 1738 1739 1740 1741 1742 1743 1744 1745 1746 1747 1748 1749 1750 1751 1752 1753 1754 1755 1756 1757 1758 1759 1760 1761 1762 1763 1764 1765 1766 1767 1768 1769 1770 1771 1772 1773 1774 1775 1776 1777 1778 1779 1780 1781 1782 
0
NONE-ELSET-E4-3
0
1
0
1
FRONT_SPAR-INSTANCE
1
1 
0
NONE-ELSET-E4-4
0
1
0
1
FRONT_SPAR-INSTANCE
18
8 9 10 11 12 13 14 15 16 17 18 19 20 21 22 23 24 25 
0
NONE-ELSET-E4-5
0
1
0
1
FRONT_SPAR-INSTANCE
87
122 123 124 125 126 127 128 129 130 131 132 133 134 135 136 137 138 139 140 141 142 143 144 145 146 147 148 149 150 151 152 153 154 155 156 157 158 159 160 161 162 163 164 165 166 167 168 169 170 171 172 173 174 175 176 177 178 179 180 181 182 183 184 185 186 187 188 189 190 191 192 193 194 195 196 197 198 199 200 201 202 203 204 205 206 207 208 
0
NONE-SET
0
1
0
1
UPPER_SKIN-INSTANCE
16
2255 2256 2257 2258 2259 2260 2261 2262 2263 2264 2265 2266 2267 2268 2269 2270 
0
NONE-SET-1
0
1
0
1
UPPER_SKIN-INSTANCE
19
2271 2272 2273 2274 2275 2276 2277 2278 2279 2280 2281 2282 2283 2284 2285 2286 2287 2288 2289 
0
NONE-SET-2
0
1
0
1
UPPER_SKIN-INSTANCE
80
3033 3034 3035 3036 3037 3038 3039 3040 3041 3042 3043 3044 3045 3046 3047 3048 3049 3050 3051 3052 3053 3054 3055 3056 3057 3058 3059 3060 3061 3062 3063 3064 3065 3066 3067 3068 3069 3070 3071 3072 3073 3074 3075 3076 3077 3078 3079 3080 3081 3082 3083 3084 3085 3086 3087 3088 3089 3090 3091 3092 3093 3094 3095 3096 3097 3098 3099 3100 3101 3102 3103 3104 3105 3106 3107 3108 3109 3110 3111 3112 
0
NONE-SET-3
0
1
0
1
UPPER_SKIN-INSTANCE
88
3113 3114 3115 3116 3117 3118 3119 3120 3121 3122 3123 3124 3125 3126 3127 3128 3129 3130 3131 3132 3133 3134 3135 3136 3137 3138 3139 3140 3141 3142 3143 3144 3145 3146 3147 3148 3149 3150 3151 3152 3153 3154 3155 3156 3157 3158 3159 3160 3161 3162 3163 3164 3165 3166 3167 3168 3169 3170 3171 3172 3173 3174 3175 3176 3177 3178 3179 3180 3181 3182 3183 3184 3185 3186 3187 3188 3189 3190 3191 3192 3193 3194 3195 3196 3197 3198 3199 3200 
0
NONE-SET-4
0
1
0
1
LOWER_SKIN-INSTANCE
16
689 690 691 692 693 694 695 696 697 698 699 700 701 702 703 704 
0
NONE-SET-5
0
1
0
1
LOWER_SKIN-INSTANCE
19
705 706 707 708 709 710 711 712 713 714 715 716 717 718 719 720 721 722 723 
0
NONE-SET-6
0
1
0
1
LOWER_SKIN-INSTANCE
80
1467 1468 1469 1470 1471 1472 1473 1474 1475 1476 1477 1478 1479 1480 1481 1482 1483 1484 1485 1486 1487 1488 1489 1490 1491 1492 1493 1494 1495 1496 1497 1498 1499 1500 1501 1502 1503 1504 1505 1506 1507 1508 1509 1510 1511 1512 1513 1514 1515 1516 1517 1518 1519 1520 1521 1522 1523 1524 1525 1526 1527 1528 1529 1530 1531 1532 1533 1534 1535 1536 1537 1538 1539 1540 1541 1542 1543 1544 1545 1546 
0
NONE-SET-7
0
1
0
1
LOWER_SKIN-INSTANCE
88
1547 1548 1549 1550 1551 1552 1553 1554 1555 1556 1557 1558 1559 1560 1561 1562 1563 1564 1565 1566 1567 1568 1569 1570 1571 1572 1573 1574 1575 1576 1577 1578 1579 1580 1581 1582 1583 1584 1585 1586 1587 1588 1589 1590 1591 1592 1593 1594 1595 1596 1597 1598 1599 1600 1601 1602 1603 1604 1605 1606 1607 1608 1609 1610 1611 1612 1613 1614 1615 1616 1617 1618 1619 1620 1621 1622 1623 1624 1625 1626 1627 1628 1629 1630 1631 1632 1633 1634 
0
NONE-SET-8
0
1
0
1
UPPER_SKIN-INSTANCE
17
-2147483647
60 1 16 8 0 1 0 -1 -1 1136 2 -1879048188 -1879048186 1862 393 2290 743 
0
_SURFACE-10_E2
0
2
0
1
REAR_SPAR-INSTANCE
79
1783 1784 1785 1786 1787 1788 1789 1790 1791 1792 1793 1794 1795 1796 1797 1798 1799 1800 1801 1802 1803 1804 1805 1806 1807 1808 1809 1810 1811 1812 1813 1814 1815 1816 1817 1818 1819 1820 1821 1822 1823 1824 1825 1826 1827 1828 1829 1830 1831 1832 1833 1834 1835 1836 1837 1838 1839 1840 1841 1842 1843 1844 1845 1846 1847 1848 1849 1850 1851 1852 1853 1854 1855 1856 1857 1858 1859 1860 1861 
0
_SURFACE-10_E3
0
2
0
1
REAR_SPAR-INSTANCE
1
1700 
0
_SURFACE-11_E2
0
2
0
1
REAR_SPAR-INSTANCE
1
1703 
0
_SURFACE-11_E4
0
2
0
1
REAR_SPAR-INSTANCE
79
1704 1705 1706 1707 1708 1709 1710 1711 1712 1713 1714 1715 1716 1717 1718 1719 1720 1721 1722 1723 1724 1725 1726 1727 1728 1729 1730 1731 1732 1733 1734 1735 1736 1737 1738 1739 1740 1741 1742 1743 1744 1745 1746 1747 1748 1749 1750 1751 1752 1753 1754 1755 1756 1757 1758 1759 1760 1761 1762 1763 1764 1765 1766 1767 1768 1769 1770 1771 1772 1773 1774 1775 1776 1777 1778 1779 1780 1781 1782 
0
_SURFACE-12_E2
0
2
0
1
FRONT_SPAR-INSTANCE
18
98 99 100 101 102 103 104 105 106 107 108 109 110 111 112 113 114 115 
0
_SURFACE-12_E4
0
2
0
1
FRONT_SPAR-INSTANCE
1
1 
0
_SURFACE-13_E2
0
2
0
1
FRONT_SPAR-INSTANCE
1
7 
0
_SURFACE-13_E4
0
2
0
1
FRONT_SPAR-INSTANCE
18
8 9 10 11 12 13 14 15 16 17 18 19 20 21 22 23 24 25 
0
_SURFACE-14_E2
0
2
0
1
FRONT_SPAR-INSTANCE
87
209 210 211 212 213 214 215 216 217 218 219 220 221 222 223 224 225 226 227 228 229 230 231 232 233 234 235 236 237 238 239 240 241 242 243 244 245 246 247 248 249 250 251 252 253 254 255 256 257 258 259 260 261 262 263 264 265 266 267 268 269 270 271 272 273 274 275 276 277 278 279 280 281 282 283 284 285 286 287 288 289 290 291 292 293 294 295 
0
_SURFACE-14_E3
0
2
0
1
FRONT_SPAR-INSTANCE
1
116 
0
_SURFACE-15_E2
0
2
0
1
FRONT_SPAR-INSTANCE
1
121 
0
_SURFACE-15_E4
0
2
0
1
FRONT_SPAR-INSTANCE
87
122 123 124 125 126 127 128 129 130 131 132 133 134 135 136 137 138 139 140 141 142 143 144 145 146 147 148 149 150 151 152 153 154 155 156 157 158 159 160 161 162 163 164 165 166 167 168 169 170 171 172 173 174 175 176 177 178 179 180 181 182 183 184 185 186 187 188 189 190 191 192 193 194 195 196 197 198 199 200 201 202 203 204 205 206 207 208 
0
_SURFACE-16_SPOS
0
2
0
1
UPPER_SKIN-INSTANCE
17
-2147483647
60 1 16 8 0 1 0 -1 -1 1136 2 -1879048188 -1879048186 1862 393 2290 743 
0
_SURFACE-1_SPOS
0
2
0
1
UPPER_SKIN-INSTANCE
19
2271 2272 2273 2274 2275 2276 2277 2278 2279 2280 2281 2282 2283 2284 2285 2286 2287 2288 2289 
0
_SURFACE-2_SPOS
0
2
0
1
UPPER_SKIN-INSTANCE
80
3033 3034 3035 3036 3037 3038 3039 3040 3041 3042 3043 3044 3045 3046 3047 3048 3049 3050 3051 3052 3053 3054 3055 3056 3057 3058 3059 3060 3061 3062 3063 3064 3065 3066 3067 3068 3069 3070 3071 3072 3073 3074 3075 3076 3077 3078 3079 3080 3081 3082 3083 3084 3085 3086 3087 3088 3089 3090 3091 3092 3093 3094 3095 3096 3097 3098 3099 3100 3101 3102 3103 3104 3105 3106 3107 3108 3109 3110 3111 3112 
0
_SURFACE-3_SPOS
0
2
0
1
UPPER_SKIN-INSTANCE
88
3113 3114 3115 3116 3117 3118 3119 3120 3121 3122 3123 3124 3125 3126 3127 3128 3129 3130 3131 3132 3133 3134 3135 3136 3137 3138 3139 3140 3141 3142 3143 3144 3145 3146 3147 3148 3149 3150 3151 3152 3153 3154 3155 3156 3157 3158 3159 3160 3161 3162 3163 3164 3165 3166 3167 3168 3169 3170 3171 3172 3173 3174 3175 3176 3177 3178 3179 3180 3181 3182 3183 3184 3185 3186 3187 3188 3189 3190 3191 3192 3193 3194 3195 3196 3197 3198 3199 3200 
0
_SURFACE-4_SPOS
0
2
0
1
LOWER_SKIN-INSTANCE
16
689 690 691 692 693 694 695 696 697 698 699 700 701 702 703 704 
0
_SURFACE-5_SPOS
0
2
0
1
LOWER_SKIN-INSTANCE
19
705 706 707 708 709 710 711 712 713 714 715 716 717 718 719 720 721 722 723 
0
_SURFACE-6_SPOS
0
2
0
1
LOWER_SKIN-INSTANCE
80
1467 1468 1469 1470 1471 1472 1473 1474 1475 1476 1477 1478 1479 1480 1481 1482 1483 1484 1485 1486 1487 1488 1489 1490 1491 1492 1493 1494 1495 1496 1497 1498 1499 1500 1501 1502 1503 1504 1505 1506 1507 1508 1509 1510 1511 1512 1513 1514 1515 1516 1517 1518 1519 1520 1521 1522 1523 1524 1525 1526 1527 1528 1529 1530 1531 1532 1533 1534 1535 1536 1537 1538 1539 1540 1541 1542 1543 1544 1545 1546 
0
_SURFACE-7_SPOS
0
2
0
1
LOWER_SKIN-INSTANCE
88
1547 1548 1549 1550 1551 1552 1553 1554 1555 1556 1557 1558 1559 1560 1561 1562 1563 1564 1565 1566 1567 1568 1569 1570 1571 1572 1573 1574 1575 1576 1577 1578 1579 1580 1581 1582 1583 1584 1585 1586 1587 1588 1589 1590 1591 1592 1593 1594 1595 1596 1597 1598 1599 1600 1601 1602 1603 1604 1605 1606 1607 1608 1609 1610 1611 1612 1613 1614 1615 1616 1617 1618 1619 1620 1621 1622 1623 1624 1625 1626 1627 1628 1629 1630 1631 1632 1633 1634 
0
_SURFACE-8_E2
0
2
0
1
REAR_SPAR-INSTANCE
15
1685 1686 1687 1688 1689 1690 1691 1692 1693 1694 1695 1696 1697 1698 1699 
0
_SURFACE-8_E4
0
2
0
1
REAR_SPAR-INSTANCE
1
1635 
0
_SURFACE-9_E2
0
2
0
1
REAR_SPAR-INSTANCE
1
1639 
0
_SURFACE-9_E4
0
2
0
1
REAR_SPAR-INSTANCE
15
1640 1641 1642 1643 1644 1645 1646 1647 1648 1649 1650 1651 1652 1653 1654 
0
_SURFACE_SPOS
0
2
0
1
UPPER_SKIN-INSTANCE
16
2255 2256 2257 2258 2259 2260 2261 2262 2263 2264 2265 2266 2267 2268 2269 2270 
0
4
UPPER_SKIN-INSTANCE
2
 P       4
0
2
14
-2147483647
48 1 16 5 0 1 0 -1 -1 1339 1 -1879048189 1862 1339 
0
0
UPPER_SKIN
0
1
14
-2147483647
48 1 16 5 0 1 0 -1 -1 1339 1 -1879048189 1862 1339 
0
0
0
LOWER_SKIN-INSTANCE
2
 P       2
0
2
14
-2147483647
48 1 16 5 0 1 0 -1 -1 1339 1 -1879048189 296 1339 
0
0
LOWER_SKIN
0
1
14
-2147483647
48 1 16 5 0 1 0 -1 -1 1339 1 -1879048189 296 1339 
0
0
0
FRONT_SPAR-INSTANCE
2
 P       1
0
2
14
-2147483647
48 1 16 5 0 1 0 -1 -1 295 1 -1879048189 1 295 
0
0
FRONT_SPAR
0
1
14
-2147483647
48 1 16 5 0 1 0 -1 -1 295 1 -1879048189 1 295 
0
0
0
REAR_SPAR-INSTANCE
2
 P       3
0
2
227
1635 1636 1637 1638 1639 1640 1641 1642 1643 1644 1645 1646 1647 1648 1649 1650 1651 1652 1653 1654 1655 1656 1657 1658 1659 1660 1661 1662 1663 1664 1665 1666 1667 1668 1669 1670 1671 1672 1673 1674 1675 1676 1677 1678 1679 1680 1681 1682 1683 1684 1685 1686 1687 1688 1689 1690 1691 1692 1693 1694 1695 1696 1697 1698 1699 1700 1701 1702 1703 1704 1705 1706 1707 1708 1709 1710 1711 1712 1713 1714 1715 1716 1717 1718 1719 1720 1721 1722 1723 1724 1725 1726 1727 1728 1729 1730 1731 1732 1733 1734 1735 1736 1737 1738 1739 1740 1741 1742 1743 1744 1745 1746 1747 1748 1749 1750 1751 1752 1753 1754 1755 1756 1757 1758 1759 1760 1761 1762 1763 1764 1765 1766 1767 1768 1769 1770 1771 1772 1773 1774 1775 1776 1777 1778 1779 1780 1781 1782 1783 1784 1785 1786 1787 1788 1789 1790 1791 1792 1793 1794 1795 1796 1797 1798 1799 1800 1801 1802 1803 1804 1805 1806 1807 1808 1809 1810 1811 1812 1813 1814 1815 1816 1817 1818 1819 1820 1821 1822 1823 1824 1825 1826 1827 1828 1829 1830 1831 1832 1833 1834 1835 1836 1837 1838 1839 1840 1841 1842 1843 1844 1845 1846 1847 1848 1849 1850 1851 1852 1853 1854 1855 1856 1857 1858 1859 1860 1861 
0
0
REAR_SPAR
0
1
227
1635 1636 1637 1638 1639 1640 1641 1642 1643 1644 1645 1646 1647 1648 1649 1650 1651 1652 1653 1654 1655 1656 1657 1658 1659 1660 1661 1662 1663 1664 1665 1666 1667 1668 1669 1670 1671 1672 1673 1674 1675 1676 1677 1678 1679 1680 1681 1682 1683 1684 1685 1686 1687 1688 1689 1690 1691 1692 1693 1694 1695 1696 1697 1698 1699 1700 1701 1702 1703 1704 1705 1706 1707 1708 1709 1710 1711 1712 1713 1714 1715 1716 1717 1718 1719 1720 1721 1722 1723 1724 1725 1726 1727 1728 1729 1730 1731 1732 1733 1734 1735 1736 1737 1738 1739 1740 1741 1742 1743 1744 1745 1746 1747 1748 1749 1750 1751 1752 1753 1754 1755 1756 1757 1758 1759 1760 1761 1762 1763 1764 1765 1766 1767 1768 1769 1770 1771 1772 1773 1774 1775 1776 1777 1778 1779 1780 1781 1782 1783 1784 1785 1786 1787 1788 1789 1790 1791 1792 1793 1794 1795 1796 1797 1798 1799 1800 1801 1802 1803 1804 1805 1806 1807 1808 1809 1810 1811 1812 1813 1814 1815 1816 1817 1818 1819 1820 1821 1822 1823 1824 1825 1826 1827 1828 1829 1830 1831 1832 1833 1834 1835 1836 1837 1838 1839 1840 1841 1842 1843 1844 1845 1846 1847 1848 1849 1850 1851 1852 1853 1854 1855 1856 1857 1858 1859 1860 1861 
0
0
0
6

0
2
0
4
FRONT_SPAR-INSTANCE
14
-2147483647
48 1 16 5 0 1 0 -1 -1 405 1 -1879048189 1 405 
LOWER_SKIN-INSTANCE
14
-2147483647
48 1 16 5 0 1 0 -1 -1 1447 1 -1879048189 406 1447 
REAR_SPAR-INSTANCE
14
-2147483647
48 1 16 5 0 1 0 -1 -1 326 1 -1879048189 1853 326 
UPPER_SKIN-INSTANCE
14
-2147483647
48 1 16 5 0 1 0 -1 -1 1447 1 -1879048189 2179 1447 
0
SET
0
1
0
1
UPPER_SKIN-INSTANCE
31
2179 2181 2209 2210 2211 2212 2213 2214 2215 2216 2217 2218 2219 2220 2221 2222 2223 2224 2225 2226 2227 2228 2229 2230 2231 2232 2233 2234 2235 2236 2237 
0
SET-1
0
1
0
1
LOWER_SKIN-INSTANCE
31
406 408 436 437 438 439 440 441 442 443 444 445 446 447 448 449 450 451 452 453 454 455 456 457 458 459 460 461 462 463 464 
0
SET-2
0
1
0
1
FRONT_SPAR-INSTANCE
8
1 3 25 26 27 28 29 30 
0
SET-3
0
1
0
1
REAR_SPAR-INSTANCE
6
1853 1855 1874 1875 1876 1877 
0
WarnNodeOverconTieSecondary
0
1
0
2
FRONT_SPAR-INSTANCE
2
2 4 
REAR_SPAR-INSTANCE
2
1854 1856 
0
4
FRONT_SPAR-INSTANCE
2
 P       1
0
2
14
-2147483647
48 1 16 5 0 1 0 -1 -1 405 1 -1879048189 1 405 
0
0
 P       1WarnNodeOverconTieSecondary
0
2
2
2 4 
0
0
0
LOWER_SKIN-INSTANCE
1
 P       2
0
2
14
-2147483647
48 1 16 5 0 1 0 -1 -1 1447 1 -1879048189 406 1447 
0
0
0
REAR_SPAR-INSTANCE
2
 P       3
0
2
14
-2147483647
48 1 16 5 0 1 0 -1 -1 326 1 -1879048189 1853 326 
0
0
 P       3WarnNodeOverconTieSecondary
0
2
2
1854 1856 
0
0
0
UPPER_SKIN-INSTANCE
1
 P       4
0
2
14
-2147483647
48 1 16 5 0 1 0 -1 -1 1447 1 -1879048189 2179 1447 
0
0
0
0
17
SURFACE
0
0
0
1
UPPER_SKIN-INSTANCE
0
0
1
SPOS
16
2255 2256 2257 2258 2259 2260 2261 2262 2263 2264 2265 2266 2267 2268 2269 2270 
SURFACE-1
0
0
0
1
UPPER_SKIN-INSTANCE
0
0
1
SPOS
19
2271 2272 2273 2274 2275 2276 2277 2278 2279 2280 2281 2282 2283 2284 2285 2286 2287 2288 2289 
SURFACE-10
0
0
0
1
REAR_SPAR-INSTANCE
0
0
2
E3
1
1700 
E2
79
1783 1784 1785 1786 1787 1788 1789 1790 1791 1792 1793 1794 1795 1796 1797 1798 1799 1800 1801 1802 1803 1804 1805 1806 1807 1808 1809 1810 1811 1812 1813 1814 1815 1816 1817 1818 1819 1820 1821 1822 1823 1824 1825 1826 1827 1828 1829 1830 1831 1832 1833 1834 1835 1836 1837 1838 1839 1840 1841 1842 1843 1844 1845 1846 1847 1848 1849 1850 1851 1852 1853 1854 1855 1856 1857 1858 1859 1860 1861 
SURFACE-11
0
0
0
1
REAR_SPAR-INSTANCE
0
0
2
E2
1
1703 
E4
79
1704 1705 1706 1707 1708 1709 1710 1711 1712 1713 1714 1715 1716 1717 1718 1719 1720 1721 1722 1723 1724 1725 1726 1727 1728 1729 1730 1731 1732 1733 1734 1735 1736 1737 1738 1739 1740 1741 1742 1743 1744 1745 1746 1747 1748 1749 1750 1751 1752 1753 1754 1755 1756 1757 1758 1759 1760 1761 1762 1763 1764 1765 1766 1767 1768 1769 1770 1771 1772 1773 1774 1775 1776 1777 1778 1779 1780 1781 1782 
SURFACE-12
0
0
0
1
FRONT_SPAR-INSTANCE
0
0
2
E4
1
1 
E2
18
98 99 100 101 102 103 104 105 106 107 108 109 110 111 112 113 114 115 
SURFACE-13
0
0
0
1
FRONT_SPAR-INSTANCE
0
0
2
E2
1
7 
E4
18
8 9 10 11 12 13 14 15 16 17 18 19 20 21 22 23 24 25 
SURFACE-14
0
0
0
1
FRONT_SPAR-INSTANCE
0
0
2
E3
1
116 
E2
87
209 210 211 212 213 214 215 216 217 218 219 220 221 222 223 224 225 226 227 228 229 230 231 232 233 234 235 236 237 238 239 240 241 242 243 244 245 246 247 248 249 250 251 252 253 254 255 256 257 258 259 260 261 262 263 264 265 266 267 268 269 270 271 272 273 274 275 276 277 278 279 280 281 282 283 284 285 286 287 288 289 290 291 292 293 294 295 
SURFACE-15
0
0
0
1
FRONT_SPAR-INSTANCE
0
0
2
E2
1
121 
E4
87
122 123 124 125 126 127 128 129 130 131 132 133 134 135 136 137 138 139 140 141 142 143 144 145 146 147 148 149 150 151 152 153 154 155 156 157 158 159 160 161 162 163 164 165 166 167 168 169 170 171 172 173 174 175 176 177 178 179 180 181 182 183 184 185 186 187 188 189 190 191 192 193 194 195 196 197 198 199 200 201 202 203 204 205 206 207 208 
SURFACE-16
0
0
0
1
UPPER_SKIN-INSTANCE
0
0
1
SPOS
17
-2147483647
60 1 16 8 0 1 0 -1 -1 1136 2 -1879048188 -1879048186 1862 393 2290 743 
SURFACE-2
0
0
0
1
UPPER_SKIN-INSTANCE
0
0
1
SPOS
80
3033 3034 3035 3036 3037 3038 3039 3040 3041 3042 3043 3044 3045 3046 3047 3048 3049 3050 3051 3052 3053 3054 3055 3056 3057 3058 3059 3060 3061 3062 3063 3064 3065 3066 3067 3068 3069 3070 3071 3072 3073 3074 3075 3076 3077 3078 3079 3080 3081 3082 3083 3084 3085 3086 3087 3088 3089 3090 3091 3092 3093 3094 3095 3096 3097 3098 3099 3100 3101 3102 3103 3104 3105 3106 3107 3108 3109 3110 3111 3112 
SURFACE-3
0
0
0
1
UPPER_SKIN-INSTANCE
0
0
1
SPOS
88
3113 3114 3115 3116 3117 3118 3119 3120 3121 3122 3123 3124 3125 3126 3127 3128 3129 3130 3131 3132 3133 3134 3135 3136 3137 3138 3139 3140 3141 3142 3143 3144 3145 3146 3147 3148 3149 3150 3151 3152 3153 3154 3155 3156 3157 3158 3159 3160 3161 3162 3163 3164 3165 3166 3167 3168 3169 3170 3171 3172 3173 3174 3175 3176 3177 3178 3179 3180 3181 3182 3183 3184 3185 3186 3187 3188 3189 3190 3191 3192 3193 3194 3195 3196 3197 3198 3199 3200 
SURFACE-4
0
0
0
1
LOWER_SKIN-INSTANCE
0
0
1
SPOS
16
689 690 691 692 693 694 695 696 697 698 699 700 701 702 703 704 
SURFACE-5
0
0
0
1
LOWER_SKIN-INSTANCE
0
0
1
SPOS
19
705 706 707 708 709 710 711 712 713 714 715 716 717 718 719 720 721 722 723 
SURFACE-6
0
0
0
1
LOWER_SKIN-INSTANCE
0
0
1
SPOS
80
1467 1468 1469 1470 1471 1472 1473 1474 1475 1476 1477 1478 1479 1480 1481 1482 1483 1484 1485 1486 1487 1488 1489 1490 1491 1492 1493 1494 1495 1496 1497 1498 1499 1500 1501 1502 1503 1504 1505 1506 1507 1508 1509 1510 1511 1512 1513 1514 1515 1516 1517 1518 1519 1520 1521 1522 1523 1524 1525 1526 1527 1528 1529 1530 1531 1532 1533 1534 1535 1536 1537 1538 1539 1540 1541 1542 1543 1544 1545 1546 
SURFACE-7
0
0
0
1
LOWER_SKIN-INSTANCE
0
0
1
SPOS
88
1547 1548 1549 1550 1551 1552 1553 1554 1555 1556 1557 1558 1559 1560 1561 1562 1563 1564 1565 1566 1567 1568 1569 1570 1571 1572 1573 1574 1575 1576 1577 1578 1579 1580 1581 1582 1583 1584 1585 1586 1587 1588 1589 1590 1591 1592 1593 1594 1595 1596 1597 1598 1599 1600 1601 1602 1603 1604 1605 1606 1607 1608 1609 1610 1611 1612 1613 1614 1615 1616 1617 1618 1619 1620 1621 1622 1623 1624 1625 1626 1627 1628 1629 1630 1631 1632 1633 1634 
SURFACE-8
0
0
0
1
REAR_SPAR-INSTANCE
0
0
2
E4
1
1635 
E2
15
1685 1686 1687 1688 1689 1690 1691 1692 1693 1694 1695 1696 1697 1698 1699 
SURFACE-9
0
0
0
1
REAR_SPAR-INSTANCE
0
0
2
E2
1
1639 
E4
15
1640 1641 1642 1643 1644 1645 1646 1647 1648 1649 1650 1651 1652 1653 1654 
