Analysis initiated from SIMULIA established products
Abaqus JOB Job-1
Abaqus 2023
Abaqus License Manager checked out the following licenses:
Abaqus/Standard checked out 5 tokens from Flexnet server abaqus1.lic.tudelft.nl.
<36 out of 450 licenses remain available>.
Begin Analysis Input File Processor
5/31/2024 4:30:16 PM
Run pre.exe
5/31/2024 4:30:22 PM
End Analysis Input File Processor
Begin Abaqus/Standard Analysis
5/31/2024 4:30:22 PM
Run standard.exe
5/31/2024 4:30:30 PM
End Abaqus/Standard Analysis
Begin SIM Wrap-up
5/31/2024 4:30:30 PM
Run SMASimUtility.exe
5/31/2024 4:30:30 PM
End SIM Wrap-up
Abaqus JOB Job-1 COMPLETED
