Analysis initiated from SIMULIA established products
Abaqus JOB wing_box_job
Abaqus 2023
Abaqus License Manager checked out the following licenses:
Abaqus/Standard checked out 5 tokens from Flexnet server abaqus1.lic.tudelft.nl.
<221 out of 450 licenses remain available>.
Begin Analysis Input File Processor
6/15/2024 6:29:18 PM
Run pre.exe
6/15/2024 6:29:22 PM
End Analysis Input File Processor
Begin Abaqus/Standard Analysis
6/15/2024 6:29:22 PM
Run standard.exe
6/15/2024 6:29:31 PM
End Abaqus/Standard Analysis
Begin SIM Wrap-up
6/15/2024 6:29:32 PM
Run SMASimUtility.exe
6/15/2024 6:29:32 PM
End SIM Wrap-up
Abaqus JOB wing_box_job COMPLETED
